time="2022-10-11T19:59:55+03:00" level=info msg="create router" func="main.main()" file="main.go:204"
time="2022-10-11T19:59:55+03:00" level=info msg="read application configuration" func="go.mod/internal/config.GetConfig.func1()" file="config.go:35"
time="2022-10-11T19:59:55+03:00" level=trace msg="SQL Query:  INSERT INTO coin (name) VALUES      ($1)  RETURNING id " func="go.mod/internal/coin/db.(*repository).Create()" file="postgresql.go:33"
time="2022-10-11T19:59:55+03:00" level=info msg="register author handler" func="main.main()" file="main.go:223"
time="2022-10-11T19:59:55+03:00" level=info msg="start application" func="main.start()" file="main.go:301"
time="2022-10-11T19:59:55+03:00" level=info msg="listen tcp" func="main.start()" file="main.go:319"
time="2022-10-11T19:59:55+03:00" level=info msg="server is listening port 127.0.0.1:80" func="main.start()" file="main.go:321"
time="2022-10-11T22:47:09+03:00" level=info msg="create router" func="main.main()" file="main.go:204"
time="2022-10-11T22:47:09+03:00" level=info msg="read application configuration" func="go.mod/internal/config.GetConfig.func1()" file="config.go:35"
time="2022-10-11T22:47:09+03:00" level=trace msg="SQL Query:  INSERT INTO coin (name) VALUES      ($1)  RETURNING id " func="go.mod/internal/coin/db.(*repository).Create()" file="postgresql.go:33"
time="2022-10-11T22:47:09+03:00" level=info msg="register author handler" func="main.main()" file="main.go:223"
time="2022-10-11T22:47:09+03:00" level=info msg="start application" func="main.start()" file="main.go:301"
time="2022-10-11T22:47:09+03:00" level=info msg="listen tcp" func="main.start()" file="main.go:319"
time="2022-10-11T22:47:09+03:00" level=info msg="server is listening port 127.0.0.1:80" func="main.start()" file="main.go:321"
time="2022-10-11T22:47:55+03:00" level=info msg="create router" func="main.main()" file="main.go:204"
time="2022-10-11T22:47:55+03:00" level=info msg="read application configuration" func="go.mod/internal/config.GetConfig.func1()" file="config.go:35"
time="2022-10-11T22:47:55+03:00" level=trace msg="SQL Query:  INSERT INTO coin (name) VALUES      ($1)  RETURNING id " func="go.mod/internal/coin/db.(*repository).Create()" file="postgresql.go:33"
time="2022-10-11T22:47:55+03:00" level=info msg="register author handler" func="main.main()" file="main.go:223"
time="2022-10-11T22:47:55+03:00" level=info msg="start application" func="main.start()" file="main.go:301"
time="2022-10-11T22:47:55+03:00" level=info msg="listen tcp" func="main.start()" file="main.go:319"
time="2022-10-11T22:47:55+03:00" level=info msg="server is listening port 127.0.0.1:80" func="main.start()" file="main.go:321"
time="2022-10-13T19:41:08+03:00" level=info msg="create router" func="main.main()" file="main.go:165"
time="2022-10-13T19:41:08+03:00" level=info msg="read application configuration" func="go.mod/internal/config.GetConfig.func1()" file="config.go:35"
time="2022-10-13T19:41:08+03:00" level=trace msg="SQL Query:  INSERT INTO coin (name) VALUES      ($1)  RETURNING id " func="go.mod/internal/coin/db.(*repository).Create()" file="postgresql.go:33"
time="2022-10-13T19:41:08+03:00" level=info msg="register author handler" func="main.main()" file="main.go:184"
time="2022-10-13T19:41:08+03:00" level=info msg="start application" func="main.start()" file="main.go:327"
time="2022-10-13T19:41:08+03:00" level=info msg="listen tcp" func="main.start()" file="main.go:345"
time="2022-10-13T19:41:08+03:00" level=info msg="server is listening port 127.0.0.1:80" func="main.start()" file="main.go:347"
time="2022-10-13T20:27:57+03:00" level=info msg="create router" func="main.main()" file="main.go:165"
time="2022-10-13T20:27:57+03:00" level=info msg="read application configuration" func="go.mod/internal/config.GetConfig.func1()" file="config.go:35"
time="2022-10-13T20:27:58+03:00" level=info msg="register author handler" func="main.main()" file="main.go:184"
time="2022-10-13T20:27:58+03:00" level=info msg="start application" func="main.start()" file="main.go:327"
time="2022-10-13T20:27:58+03:00" level=info msg="listen tcp" func="main.start()" file="main.go:345"
time="2022-10-13T20:27:58+03:00" level=info msg="server is listening port 127.0.0.1:80" func="main.start()" file="main.go:347"
time="2022-10-13T20:35:49+03:00" level=info msg="create router" func="main.main()" file="main.go:232"
time="2022-10-13T20:35:49+03:00" level=info msg="read application configuration" func="go.mod/internal/config.GetConfig.func1()" file="config.go:35"
time="2022-10-13T20:35:49+03:00" level=trace msg="SQL Query:  INSERT INTO coin (name) VALUES      ($1)  RETURNING id " func="go.mod/internal/coin/db.(*repository).Create()" file="postgresql.go:33"
time="2022-10-13T20:35:49+03:00" level=info msg="register author handler" func="main.main()" file="main.go:251"
time="2022-10-13T20:35:49+03:00" level=info msg="start application" func="main.start()" file="main.go:329"
time="2022-10-13T20:35:49+03:00" level=info msg="listen tcp" func="main.start()" file="main.go:347"
time="2022-10-13T20:35:49+03:00" level=info msg="server is listening port 127.0.0.1:80" func="main.start()" file="main.go:349"
time="2022-10-13T20:55:07+03:00" level=info msg="create router" func="main.main()" file="main.go:232"
time="2022-10-13T20:55:07+03:00" level=info msg="read application configuration" func="go.mod/internal/config.GetConfig.func1()" file="config.go:35"
time="2022-10-13T20:55:07+03:00" level=trace msg="SQL Query:  INSERT INTO coin (name) VALUES      ($1)  RETURNING id " func="go.mod/internal/coin/db.(*repository).Create()" file="postgresql.go:33"
time="2022-10-13T20:55:07+03:00" level=trace msg="SQL Query:  SELECT id, name FROM public.coin; " func="go.mod/internal/coin/db.(*repository).FindAll()" file="postgresql.go:52"
time="2022-10-13T20:55:07+03:00" level=info msg="%v{3fa40a36-9a86-4259-bd2c-85d489f1bded BTC}" func="main.main()" file="main.go:256"
time="2022-10-13T20:55:07+03:00" level=info msg="%v{2b4c42b3-3615-434e-a507-4845fdbb1953 ETH}" func="main.main()" file="main.go:256"
time="2022-10-13T20:55:07+03:00" level=info msg="%v{482670c1-2ef6-47fa-9762-8e19ae5f78fb XRP}" func="main.main()" file="main.go:256"
time="2022-10-13T20:55:07+03:00" level=info msg="%v{08481004-0f4b-4d6f-b3cc-c8f828f8e7fe OK}" func="main.main()" file="main.go:256"
time="2022-10-13T20:55:07+03:00" level=info msg="%v{d45468ec-092b-4490-8bb6-3568fec90293 OK}" func="main.main()" file="main.go:256"
time="2022-10-13T20:55:07+03:00" level=info msg="%v{bd90054b-a14e-4bf6-b9a6-f918f1c8aa69 OK}" func="main.main()" file="main.go:256"
time="2022-10-13T20:55:07+03:00" level=info msg="%v{1717a30a-749d-488d-b9a6-719d599fb00e OK}" func="main.main()" file="main.go:256"
time="2022-10-13T20:55:07+03:00" level=info msg="%v{fb479079-1c02-4b11-9885-03cb37d0f6da ETH}" func="main.main()" file="main.go:256"
time="2022-10-13T20:55:07+03:00" level=info msg="%v{a59e082b-c9e9-4396-86dd-69cd91522069 ETH}" func="main.main()" file="main.go:256"
time="2022-10-13T20:55:07+03:00" level=info msg="register author handler" func="main.main()" file="main.go:259"
time="2022-10-13T20:55:07+03:00" level=info msg="start application" func="main.start()" file="main.go:337"
time="2022-10-13T20:55:07+03:00" level=info msg="listen tcp" func="main.start()" file="main.go:355"
time="2022-10-13T20:55:07+03:00" level=info msg="server is listening port 127.0.0.1:80" func="main.start()" file="main.go:357"
time="2022-10-13T21:03:16+03:00" level=info msg="create router" func="main.main()" file="main.go:232"
time="2022-10-13T21:03:16+03:00" level=info msg="read application configuration" func="go.mod/internal/config.GetConfig.func1()" file="config.go:35"
time="2022-10-13T21:03:16+03:00" level=trace msg="SQL Query:  INSERT INTO coin (name) VALUES      ($1)  RETURNING id " func="go.mod/internal/coin/db.(*repository).Create()" file="postgresql.go:33"
time="2022-10-13T21:03:16+03:00" level=trace msg="SQL Query:  SELECT id, name FROM public.coin; " func="go.mod/internal/coin/db.(*repository).FindAll()" file="postgresql.go:52"
time="2022-10-13T21:03:16+03:00" level=info msg="%v{3fa40a36-9a86-4259-bd2c-85d489f1bded BTC}" func="main.main()" file="main.go:256"
time="2022-10-13T21:03:16+03:00" level=info msg="%v{2b4c42b3-3615-434e-a507-4845fdbb1953 ETH}" func="main.main()" file="main.go:256"
time="2022-10-13T21:03:16+03:00" level=info msg="%v{482670c1-2ef6-47fa-9762-8e19ae5f78fb XRP}" func="main.main()" file="main.go:256"
time="2022-10-13T21:03:16+03:00" level=info msg="%v{08481004-0f4b-4d6f-b3cc-c8f828f8e7fe OK}" func="main.main()" file="main.go:256"
time="2022-10-13T21:03:16+03:00" level=info msg="%v{d45468ec-092b-4490-8bb6-3568fec90293 OK}" func="main.main()" file="main.go:256"
time="2022-10-13T21:03:17+03:00" level=info msg="%v{bd90054b-a14e-4bf6-b9a6-f918f1c8aa69 OK}" func="main.main()" file="main.go:256"
time="2022-10-13T21:03:17+03:00" level=info msg="%v{1717a30a-749d-488d-b9a6-719d599fb00e OK}" func="main.main()" file="main.go:256"
time="2022-10-13T21:03:17+03:00" level=info msg="%v{fb479079-1c02-4b11-9885-03cb37d0f6da ETH}" func="main.main()" file="main.go:256"
time="2022-10-13T21:03:17+03:00" level=info msg="%v{a59e082b-c9e9-4396-86dd-69cd91522069 ETH}" func="main.main()" file="main.go:256"
time="2022-10-13T21:03:17+03:00" level=info msg="%v{a97d39b6-ca8d-4dda-9589-7845828f5e8d ETH}" func="main.main()" file="main.go:256"
time="2022-10-13T21:03:17+03:00" level=info msg="register author handler" func="main.main()" file="main.go:261"
time="2022-10-13T21:03:17+03:00" level=info msg="start application" func="main.start()" file="main.go:339"
time="2022-10-13T21:03:17+03:00" level=info msg="listen tcp" func="main.start()" file="main.go:357"
time="2022-10-13T21:03:17+03:00" level=info msg="server is listening port 127.0.0.1:80" func="main.start()" file="main.go:359"
time="2022-10-13T21:08:59+03:00" level=info msg="create router" func="main.main()" file="main.go:232"
time="2022-10-13T21:08:59+03:00" level=info msg="read application configuration" func="go.mod/internal/config.GetConfig.func1()" file="config.go:35"
time="2022-10-13T21:08:59+03:00" level=trace msg="SQL Query:  SELECT id, name FROM public.coin; " func="go.mod/internal/coin/db.(*repository).FindAll()" file="postgresql.go:52"
time="2022-10-13T21:08:59+03:00" level=info msg="%v{3fa40a36-9a86-4259-bd2c-85d489f1bded BTC}" func="main.main()" file="main.go:256"
time="2022-10-13T21:08:59+03:00" level=info msg="%v{2b4c42b3-3615-434e-a507-4845fdbb1953 ETH}" func="main.main()" file="main.go:256"
time="2022-10-13T21:08:59+03:00" level=info msg="%v{482670c1-2ef6-47fa-9762-8e19ae5f78fb XRP}" func="main.main()" file="main.go:256"
time="2022-10-13T21:08:59+03:00" level=info msg="register author handler" func="main.main()" file="main.go:261"
time="2022-10-13T21:08:59+03:00" level=info msg="start application" func="main.start()" file="main.go:339"
time="2022-10-13T21:08:59+03:00" level=info msg="listen tcp" func="main.start()" file="main.go:357"
time="2022-10-13T21:08:59+03:00" level=info msg="server is listening port 127.0.0.1:80" func="main.start()" file="main.go:359"
time="2022-10-13T21:10:31+03:00" level=info msg="create router" func="main.main()" file="main.go:232"
time="2022-10-13T21:10:31+03:00" level=info msg="read application configuration" func="go.mod/internal/config.GetConfig.func1()" file="config.go:35"
time="2022-10-13T21:10:32+03:00" level=trace msg="SQL Query:  SELECT id, name FROM public.coin; " func="go.mod/internal/coin/db.(*repository).FindAll()" file="postgresql.go:52"
time="2022-10-13T21:10:32+03:00" level=info msg="%v{3fa40a36-9a86-4259-bd2c-85d489f1bded BTC}" func="main.main()" file="main.go:256"
time="2022-10-13T21:10:32+03:00" level=info msg="%v{2b4c42b3-3615-434e-a507-4845fdbb1953 ETH}" func="main.main()" file="main.go:256"
time="2022-10-13T21:10:32+03:00" level=info msg="%v{482670c1-2ef6-47fa-9762-8e19ae5f78fb XRP}" func="main.main()" file="main.go:256"
time="2022-10-13T21:10:32+03:00" level=info msg="register author handler" func="main.main()" file="main.go:261"
time="2022-10-13T21:10:32+03:00" level=info msg="start application" func="main.start()" file="main.go:339"
time="2022-10-13T21:10:32+03:00" level=info msg="listen tcp" func="main.start()" file="main.go:357"
time="2022-10-13T21:10:32+03:00" level=info msg="server is listening port 127.0.0.1:80" func="main.start()" file="main.go:359"
time="2022-10-13T21:10:49+03:00" level=info msg="create router" func="main.main()" file="main.go:232"
time="2022-10-13T21:10:49+03:00" level=info msg="read application configuration" func="go.mod/internal/config.GetConfig.func1()" file="config.go:35"
time="2022-10-13T21:10:49+03:00" level=trace msg="SQL Query:  SELECT id, name FROM public.coin; " func="go.mod/internal/coin/db.(*repository).FindAll()" file="postgresql.go:52"
time="2022-10-13T21:10:49+03:00" level=info msg="%v{3fa40a36-9a86-4259-bd2c-85d489f1bded BTC}" func="main.main()" file="main.go:256"
time="2022-10-13T21:10:49+03:00" level=info msg="%v{2b4c42b3-3615-434e-a507-4845fdbb1953 ETH}" func="main.main()" file="main.go:256"
time="2022-10-13T21:10:49+03:00" level=info msg="%v{482670c1-2ef6-47fa-9762-8e19ae5f78fb XRP}" func="main.main()" file="main.go:256"
time="2022-10-13T21:10:50+03:00" level=info msg="register author handler" func="main.main()" file="main.go:261"
time="2022-10-13T21:10:50+03:00" level=info msg="start application" func="main.start()" file="main.go:339"
time="2022-10-13T21:10:50+03:00" level=info msg="listen tcp" func="main.start()" file="main.go:357"
time="2022-10-13T21:10:50+03:00" level=info msg="server is listening port 127.0.0.1:80" func="main.start()" file="main.go:359"
